Change Component Designator: Old Designator=C29 New Designator=C?
Change Component Designator: Old Designator=C30 New Designator=C?
Change Component Designator: Old Designator=C31 New Designator=C?
Change Component Designator: Old Designator=C32 New Designator=C?
Change Component Designator: Old Designator=C33 New Designator=C?
Change Component Designator: Old Designator=C34 New Designator=C?
Change Component Designator: Old Designator=C35 New Designator=C?
Change Component Designator: Old Designator=C36 New Designator=C?
Change Component Designator: Old Designator=C37 New Designator=C?
Change Component Designator: Old Designator=C38 New Designator=C?
Change Component Designator: Old Designator=C39 New Designator=C?
Change Component Designator: Old Designator=IC1 New Designator=IC?
Change Component Designator: Old Designator=IC1 New Designator=IC?
Change Component Designator: Old Designator=LED3 New Designator=LED?
Change Component Designator: Old Designator=LED4 New Designator=LED?
Change Component Designator: Old Designator=LED5 New Designator=LED?
Change Component Designator: Old Designator=P1 New Designator=P?
Change Component Designator: Old Designator=P2 New Designator=P?
Change Component Designator: Old Designator=P3 New Designator=P?
Change Component Designator: Old Designator=P4 New Designator=P?
Change Component Designator: Old Designator=R18 New Designator=R?
Change Component Designator: Old Designator=R19 New Designator=R?
Change Component Designator: Old Designator=R20 New Designator=R?
Change Component Designator: Old Designator=R21 New Designator=R?
Change Component Designator: Old Designator=R22 New Designator=R?
Change Component Designator: Old Designator=S1 New Designator=S?
Change Component Designator: Old Designator=S2 New Designator=S?
Change Component Designator: Old Designator=T2 New Designator=T?
Change Component Designator: Old Designator=T3 New Designator=T?
Change Component Designator: Old Designator=T4 New Designator=T?
Change Component Designator: Old Designator=T5 New Designator=T?
Change Component Designator: Old Designator=T6 New Designator=T?
Change Component Designator: Old Designator=T7 New Designator=T?
Change Component Designator: Old Designator=T8 New Designator=T?
Change Component Designator: Old Designator=T9 New Designator=T?
Change Component Designator: Old Designator=T10 New Designator=T?
Change Component Designator: Old Designator=T11 New Designator=T?
Change Component Designator: Old Designator=T12 New Designator=T?
Change Component Designator: Old Designator=T13 New Designator=T?
Change Component Designator: Old Designator=T14 New Designator=T?
Change Component Designator: Old Designator=T15 New Designator=T?
Change Component Designator: Old Designator=T16 New Designator=T?
Change Component Designator: Old Designator=T17 New Designator=T?
Change Component Designator: Old Designator=T18 New Designator=T?
Change Component Designator: Old Designator=T19 New Designator=T?
Change Component Designator: Old Designator=T20 New Designator=T?
Change Component Designator: Old Designator=T21 New Designator=T?
Change Component Designator: Old Designator=U6 New Designator=U?
Change Component Designator: Old Designator=U7 New Designator=U?
Change Component Designator: Old Designator=XT2 New Designator=XT?
